<?xml version="1.0" encoding="UTF-8"?>
<!-- Generated by org.testng.reporters.JUnitReportReporter -->
<testsuite hostname="vivek-7492" name="com.limetray.app.user_creation_run" tests="2" failures="0" timestamp="4 Oct 2015 16:37:58 GMT" time="15.295" errors="0">
  <testcase name="user_creation_send_email" time="5.363" classname="com.limetray.app.user_creation_run"/>
  <testcase name="user_creation_testng" time="9.932" classname="com.limetray.app.user_creation_run"/>
</testsuite>
